<?xml version="1.0" encoding="UTF-8"?>
<!-- Generated by org.testng.reporters.JUnitReportReporter -->
<testsuite skipped="0" hostname="BobITs-Mac-mini.fios-router.home" name="com.qa.orangehrm.tests.AddEmployeeTest" tests="3" failures="0" timestamp="2020-10-06T08:12:19 EDT" time="27.831" errors="0">
  <testcase name="addEmployeeTest" time="9.217" classname="com.qa.orangehrm.tests.AddEmployeeTest"/>
  <system-out/>
  <testcase name="addEmployeeTest" time="8.965" classname="com.qa.orangehrm.tests.AddEmployeeTest"/>
  <system-out/>
  <testcase name="addEmployeeTest" time="9.649" classname="com.qa.orangehrm.tests.AddEmployeeTest"/>
  <system-out/>
</testsuite> <!-- com.qa.orangehrm.tests.AddEmployeeTest -->
