<?xml version="1.0" encoding="UTF-8"?>
<!-- Generated by org.testng.reporters.JUnitReportReporter -->
<testsuite skipped="2" hostname="Bobs-MacBook-Pro.local" name="com.qa.orangehrm.tests.LoginPageTest" tests="8" failures="0" timestamp="2020-10-16T15:41:02 EDT" time="38.417" errors="0">
  <testcase name="verifyLoginPageTitleTest" time="5.428" classname="com.qa.orangehrm.tests.LoginPageTest"/>
  <system-out/>
  <testcase name="verifyLoginPageTitleTest" time="2.780" classname="com.qa.orangehrm.tests.LoginPageTest"/>
  <system-out/>
  <testcase name="verifySignUpLink" time="4.842" classname="com.qa.orangehrm.tests.LoginPageTest"/>
  <system-out/>
  <testcase name="verifySignUpLink" time="8.237" classname="com.qa.orangehrm.tests.LoginPageTest"/>
  <system-out/>
  <testcase name="loginTest" time="6.750" classname="com.qa.orangehrm.tests.LoginPageTest"/>
  <system-out/>
  <testcase name="loginTest" time="10.380" classname="com.qa.orangehrm.tests.LoginPageTest"/>
  <system-out/>
  <testcase name="login_Invalid_Creds" classname="com.qa.orangehrm.tests.LoginPageTest">
    <skipped/>
  </testcase> <!-- login_Invalid_Creds -->
  <system-out/>
  <testcase name="login_Invalid_Creds" classname="com.qa.orangehrm.tests.LoginPageTest">
    <skipped/>
  </testcase> <!-- login_Invalid_Creds -->
  <system-out/>
</testsuite> <!-- com.qa.orangehrm.tests.LoginPageTest -->
