<?xml version="1.0" encoding="UTF-8"?>
<!-- Generated by org.testng.reporters.JUnitReportReporter -->
<testsuite skipped="0" hostname="BobITs-Mac-mini.fios-router.home" name="com.qa.orangehrm.tests.AddEmployeeTest" tests="3" failures="0" timestamp="2020-10-13T13:26:59 EDT" time="36.961" errors="0">
  <testcase name="addEmployeeTest" time="14.300" classname="com.qa.orangehrm.tests.AddEmployeeTest"/>
  <system-out/>
  <testcase name="addEmployeeTest" time="11.272" classname="com.qa.orangehrm.tests.AddEmployeeTest"/>
  <system-out/>
  <testcase name="addEmployeeTest" time="11.389" classname="com.qa.orangehrm.tests.AddEmployeeTest"/>
  <system-out/>
</testsuite> <!-- com.qa.orangehrm.tests.AddEmployeeTest -->
