<?xml version="1.0" encoding="UTF-8"?>
<!-- Generated by org.testng.reporters.JUnitReportReporter -->
<testsuite skipped="0" hostname="BobITs-Mac-mini.fios-router.home" name="com.qa.orangehrm.tests.HomePageTest" tests="4" failures="0" timestamp="2020-10-06T08:27:04 EDT" time="20.729" errors="0">
  <testcase name="verifyHomePageTitle" time="4.386" classname="com.qa.orangehrm.tests.HomePageTest"/>
  <system-out/>
  <testcase name="verifyHomePageHeader" time="5.452" classname="com.qa.orangehrm.tests.HomePageTest"/>
  <system-out/>
  <testcase name="verifyLoggedInUserTest" time="5.521" classname="com.qa.orangehrm.tests.HomePageTest"/>
  <system-out/>
  <testcase name="verifyAuthentication" time="5.370" classname="com.qa.orangehrm.tests.HomePageTest"/>
  <system-out/>
</testsuite> <!-- com.qa.orangehrm.tests.HomePageTest -->
