<?xml version="1.0" encoding="UTF-8"?>
<!-- Generated by org.testng.reporters.JUnitReportReporter -->
<testsuite skipped="1" hostname="BobITs-Mac-mini.fios-router.home" name="com.qa.orangehrm.tests.LoginPageTest" tests="2" failures="0" timestamp="06 Oct 2020 05:30:49 GMT" time="1.498" errors="0">
  <testcase name="verifyLoginPageTitleTest" time="1.498" classname="com.qa.orangehrm.tests.LoginPageTest"/>
  <testcase name="login_Invalid_Creds" classname="com.qa.orangehrm.tests.LoginPageTest">
    <skipped/>
  </testcase> <!-- login_Invalid_Creds -->
</testsuite> <!-- com.qa.orangehrm.tests.LoginPageTest -->
