<?xml version="1.0" encoding="UTF-8"?>
<!-- Generated by org.testng.reporters.JUnitReportReporter -->
<testsuite skipped="0" hostname="BobITs-Mac-mini.fios-router.home" name="com.qa.orangehrm.tests.HomePageTest" tests="1" failures="0" timestamp="06 Oct 2020 05:30:49 GMT" time="4.945" errors="0">
  <testcase name="verifyHomePageTitle" time="4.945" classname="com.qa.orangehrm.tests.HomePageTest"/>
</testsuite> <!-- com.qa.orangehrm.tests.HomePageTest -->
